-------------------------------------------------------------------------------
Test set: com.parkit.parkingsystem.integration.ParkingDataBaseBikeIT
-------------------------------------------------------------------------------
Tests run: 2, Failures: 1, Errors: 0, Skipped: 0, Time elapsed: 0.204 s <<< FAILURE! - in com.parkit.parkingsystem.integration.ParkingDataBaseBikeIT
testParkingLotExit  Time elapsed: 0.093 s  <<< FAILURE!
org.opentest4j.AssertionFailedError: expected: <2021-06-15 09:41> but was: <2021-06-15 09:41:46.0>
	at com.parkit.parkingsystem.integration.ParkingDataBaseBikeIT.testParkingLotExit(ParkingDataBaseBikeIT.java:104)

