-------------------------------------------------------------------------------
Test set: com.parkit.parkingsystem.integration.ParkingDataBaseBikeIT
-------------------------------------------------------------------------------
Tests run: 2, Failures: 1, Errors: 0, Skipped: 0, Time elapsed: 0.275 s <<< FAILURE! - in com.parkit.parkingsystem.integration.ParkingDataBaseBikeIT
testParkingLotExit  Time elapsed: 0.118 s  <<< FAILURE!
org.opentest4j.AssertionFailedError: expected: <false> but was: <true>
	at com.parkit.parkingsystem.integration.ParkingDataBaseBikeIT.testParkingLotExit(ParkingDataBaseBikeIT.java:109)

