-------------------------------------------------------------------------------
Test set: com.parkit.parkingsystem.integration.ParkingDataBaseExitingBikeIT
-------------------------------------------------------------------------------
Tests run: 1, Failures: 1, Errors: 0, Skipped: 0, Time elapsed: 0.057 s <<< FAILURE! - in com.parkit.parkingsystem.integration.ParkingDataBaseExitingBikeIT
testExitingLotExit  Time elapsed: 0.056 s  <<< FAILURE!
org.opentest4j.AssertionFailedError: Expected java.lang.NullPointerException to be thrown, but nothing was thrown.
	at com.parkit.parkingsystem.integration.ParkingDataBaseExitingBikeIT.testExitingLotExit(ParkingDataBaseExitingBikeIT.java:89)

